MobiBench/app/build/intermediates/manifest_merge_blame_file/debug/manifest-merger-blame-debug-report.txt
1<?xml version="1.0" encoding="utf-8"?>
2<manifest xmlns:android="http://schemas.android.com/apk/res/android"
3    package="esos.MobiBench"
4    android:versionCode="11"
5    android:versionName="1.04" >
6
7    <uses-sdk
8        android:minSdkVersion="9"
8-->src/main/AndroidManifest.xml
9        android:targetSdkVersion="9" />
9-->src/main/AndroidManifest.xml
10
11    <uses-permission android:name="android.permission.VIBRATE" />
11-->src/main/AndroidManifest.xml:31:5-65
11-->src/main/AndroidManifest.xml:31:22-63
12    <uses-permission android:name="android.permission.READ_PHONE_STATE" />
12-->src/main/AndroidManifest.xml:32:5-74
12-->src/main/AndroidManifest.xml:32:22-72
13    <uses-permission android:name="android.permission.RESTART_PACKAGES" />
13-->src/main/AndroidManifest.xml:33:5-74
13-->src/main/AndroidManifest.xml:33:22-72
14    <uses-permission android:name="android.permission.WRITE_EXTERNAL_STORAGE" />
14-->src/main/AndroidManifest.xml:34:5-80
14-->src/main/AndroidManifest.xml:34:22-78
15    <uses-permission android:name="android.permission.INTERNET" />
15-->src/main/AndroidManifest.xml:35:2-64
15-->src/main/AndroidManifest.xml:35:19-61
16    <uses-permission android:name="android.permission.ACCESS_NETWORK_STATE" />
16-->src/main/AndroidManifest.xml:36:5-79
16-->src/main/AndroidManifest.xml:36:22-76
17
18    <application
18-->src/main/AndroidManifest.xml:6:4-29:19
19        android:debuggable="true"
20        android:icon="@drawable/ic_launcher"
20-->src/main/AndroidManifest.xml:7:9-45
21        android:label="@string/app_name"
21-->src/main/AndroidManifest.xml:8:9-41
22        android:testOnly="true" >
23        <activity
23-->src/main/AndroidManifest.xml:9:9-21:20
24            android:name="esos.MobiBench.MobiBench"
24-->src/main/AndroidManifest.xml:10:13-38
25            android:label="@string/app_name"
25-->src/main/AndroidManifest.xml:11:13-45
26            android:screenOrientation="portrait"
26-->src/main/AndroidManifest.xml:13:13-49
27            android:theme="@android:style/Theme.Black.NoTitleBar" >
27-->src/main/AndroidManifest.xml:12:13-66
28            <intent-filter>
28-->src/main/AndroidManifest.xml:15:13-19:29
29                <action android:name="android.intent.action.MAIN" />
29-->src/main/AndroidManifest.xml:16:17-69
29-->src/main/AndroidManifest.xml:16:25-66
30
31                <category android:name="android.intent.category.LAUNCHER" />
31-->src/main/AndroidManifest.xml:18:17-77
31-->src/main/AndroidManifest.xml:18:27-74
32            </intent-filter>
33        </activity>
34        <activity
34-->src/main/AndroidManifest.xml:22:9-24:66
35            android:name="esos.MobiBench.TabMain"
35-->src/main/AndroidManifest.xml:22:19-56
36            android:label="tab main"
36-->src/main/AndroidManifest.xml:22:57-81
37            android:screenOrientation="portrait"
37-->src/main/AndroidManifest.xml:22:83-119
38            android:theme="@android:style/Theme.Black.NoTitleBar"
38-->src/main/AndroidManifest.xml:23:13-66
39            android:windowSoftInputMode="stateHidden" />
39-->src/main/AndroidManifest.xml:24:13-54
40        <activity
40-->src/main/AndroidManifest.xml:25:3-172
41            android:name="esos.MobiBench.Info"
41-->src/main/AndroidManifest.xml:25:13-47
42            android:label="Info"
42-->src/main/AndroidManifest.xml:25:48-68
43            android:screenOrientation="portrait"
43-->src/main/AndroidManifest.xml:25:70-106
44            android:theme="@android:style/Theme.Black.NoTitleBar" />
44-->src/main/AndroidManifest.xml:25:107-160
45        <activity
45-->src/main/AndroidManifest.xml:26:3-174
46            android:name="esos.MobiBench.First"
46-->src/main/AndroidManifest.xml:26:13-48
47            android:label="first"
47-->src/main/AndroidManifest.xml:26:49-70
48            android:screenOrientation="portrait"
48-->src/main/AndroidManifest.xml:26:72-108
49            android:theme="@android:style/Theme.Black.NoTitleBar" />
49-->src/main/AndroidManifest.xml:26:109-162
50        <activity
50-->src/main/AndroidManifest.xml:27:3-141
51            android:name="esos.ResultListControl.DialogActivity"
51-->src/main/AndroidManifest.xml:27:13-65
52            android:screenOrientation="portrait"
52-->src/main/AndroidManifest.xml:27:102-138
53            android:theme="@style/CustomTheme" />
53-->src/main/AndroidManifest.xml:27:66-100
54        <activity
54-->src/main/AndroidManifest.xml:28:3-149
55            android:name="esos.ResultListControl.Webview"
55-->src/main/AndroidManifest.xml:28:13-58
56            android:label="Webview"
56-->src/main/AndroidManifest.xml:28:59-82
57            android:theme="@android:style/Theme.Black.NoTitleBar" />
57-->src/main/AndroidManifest.xml:28:84-137
58    </application>
59
60</manifest>